<?xml version="1.0" encoding="UTF-8"?>
<!-- Generated by org.testng.reporters.JUnitXMLReporter -->
<testsuite ignored="0" hostname="EC2AMAZ-EC8CRPV" failures="2" tests="6" name="Test7" time="0.11" errors="0" timestamp="23 Nov 2021 12:07:32 GMT">
  <testcase classname="listeners.TestNGListenerDemo" name="test1" time="0.015"/>
  <testcase classname="listeners.TestNGListenerDemo" name="test2" time="0.006">
    <failure type="java.lang.AssertionError" message="expected [true] but found [false]">
      <![CDATA[java.lang.AssertionError: expected [true] but found [false]
at listeners.TestNGListenerDemo.test2(TestNGListenerDemo.java:19)
... Removed 29 stack frames]]>
    </failure>
  </testcase> <!-- test2 -->
  <testcase classname="listeners.TestNGListenerDemo" name="test3" time="0.015">
    <skipped/>
  </testcase> <!-- test3 -->
  <testcase classname="listeners.TestNGListenerDemo2" name="test4" time="0.002"/>
  <testcase classname="listeners.TestNGListenerDemo2" name="test5" time="0.003">
    <failure type="java.lang.AssertionError" message="expected [true] but found [false]">
      <![CDATA[java.lang.AssertionError: expected [true] but found [false]
at listeners.TestNGListenerDemo2.test5(TestNGListenerDemo2.java:19)
... Removed 29 stack frames]]>
    </failure>
  </testcase> <!-- test5 -->
  <testcase classname="listeners.TestNGListenerDemo2" name="test6" time="0.005">
    <skipped/>
  </testcase> <!-- test6 -->
</testsuite> <!-- Test7 -->
