<?xml version="1.0" encoding="UTF-8"?>
<!-- Generated by org.testng.reporters.JUnitXMLReporter -->
<testsuite ignored="0" hostname="EC2AMAZ-EC8CRPV" failures="0" tests="4" name="Test2" time="0.072" errors="0" timestamp="2021-11-11T23:34:50 GMT">
  <testcase classname="demo.TestNGGroupsDemo" name="four" time="0.009"/>
  <testcase classname="demo.TestNGGroupsDemo" name="one" time="0.003"/>
  <testcase classname="demo.TestNGGroupsDemo" name="three" time="0.002"/>
  <testcase classname="demo.TestNGGroupsDemo" name="two" time="0.001"/>
</testsuite> <!-- Test2 -->
