<?xml version="1.0" encoding="UTF-8"?>
<testng-results ignored="0" total="1" passed="1" failed="0" skipped="0">
  <reporter-output>
  </reporter-output>
  <suite started-at="2021-11-24T10:24:21 GMT" name="Suite" finished-at="2021-11-24T10:24:29 GMT" duration-ms="8229">
    <groups>
    </groups>
    <test started-at="2021-11-24T10:24:21 GMT" name="Test" finished-at="2021-11-24T10:24:29 GMT" duration-ms="8229">
      <class name="test.GoogleSearchPageTest2">
        <test-method is-config="true" signature="setup()[pri:0, instance:test.GoogleSearchPageTest2@6cd28fa7]" started-at="2021-11-24T10:24:21 GMT" name="setup" finished-at="2021-11-24T10:24:25 GMT" duration-ms="3685" status="PASS">
          <reporter-output>
          </reporter-output>
        </test-method> <!-- setup -->
        <test-method signature="googleSearchTest()[pri:0, instance:test.GoogleSearchPageTest2@6cd28fa7]" started-at="2021-11-24T10:24:25 GMT" name="googleSearchTest" finished-at="2021-11-24T10:24:27 GMT" duration-ms="2402" status="PASS">
          <reporter-output>
          </reporter-output>
        </test-method> <!-- googleSearchTest -->
        <test-method is-config="true" signature="teardown()[pri:0, instance:test.GoogleSearchPageTest2@6cd28fa7]" started-at="2021-11-24T10:24:27 GMT" name="teardown" finished-at="2021-11-24T10:24:29 GMT" duration-ms="2107" status="PASS">
          <reporter-output>
          </reporter-output>
        </test-method> <!-- teardown -->
      </class> <!-- test.GoogleSearchPageTest2 -->
    </test> <!-- Test -->
  </suite> <!-- Suite -->
</testng-results>
