<?xml version="1.0" encoding="UTF-8"?>
<!-- Generated by org.testng.reporters.JUnitXMLReporter -->
<testsuite ignored="3" hostname="EC2AMAZ-EC8CRPV" failures="0" tests="1" name="Test1" time="0.056" errors="0" timestamp="2021-11-11T23:09:19 GMT">
  <testcase classname="demo.TestNGGroupsDemo" name="one" time="0.01"/>
  <testcase classname="demo.TestNGGroupsDemo" name="four" time="0.0">
    <ignored/>
  </testcase> <!-- four -->
  <testcase classname="demo.TestNGGroupsDemo" name="three" time="0.0">
    <ignored/>
  </testcase> <!-- three -->
  <testcase classname="demo.TestNGGroupsDemo" name="two" time="0.0">
    <ignored/>
  </testcase> <!-- two -->
</testsuite> <!-- Test1 -->
